<?xml version="1.0" encoding="UTF-8"?>
<!-- Generated by org.testng.reporters.JUnitXMLReporter -->
<testsuite ignored="4" hostname="DESKTOP-VATQQUM" failures="0" tests="1" name="Default test" time="5.273" errors="0" timestamp="2021-01-26T19:21:52 GMT-08:00">
  <testcase classname="test2.xampl" name="get" time="5.197"/>
  <testcase classname="test2.xampl" name="patch" time="0.0">
    <ignored/>
  </testcase> <!-- patch -->
  <testcase classname="test2.xampl" name="post" time="0.0">
    <ignored/>
  </testcase> <!-- post -->
  <testcase classname="test2.xampl" name="delete" time="0.0">
    <ignored/>
  </testcase> <!-- delete -->
  <testcase classname="test2.xampl" name="put" time="0.0">
    <ignored/>
  </testcase> <!-- put -->
</testsuite> <!-- Default test -->
