<?xml version="1.0" encoding="UTF-8"?>
<testng-results ignored="4" total="5" passed="1" failed="0" skipped="0">
  <reporter-output>
  </reporter-output>
  <suite started-at="2021-01-26T19:21:47 GMT-08:00" name="Default suite" finished-at="2021-01-26T19:21:52 GMT-08:00" duration-ms="5273">
    <groups>
    </groups>
    <test started-at="2021-01-26T19:21:47 GMT-08:00" name="Default test" finished-at="2021-01-26T19:21:52 GMT-08:00" duration-ms="5273">
      <class name="test2.xampl">
        <test-method signature="get()[pri:0, instance:test2.xampl@53976f5c]" started-at="2021-01-26T19:21:47 GMT-08:00" name="get" finished-at="2021-01-26T19:21:52 GMT-08:00" duration-ms="5197" status="PASS">
          <reporter-output>
          </reporter-output>
        </test-method> <!-- get -->
      </class> <!-- test2.xampl -->
    </test> <!-- Default test -->
  </suite> <!-- Default suite -->
</testng-results>
